Build started 2-10-2014 11:43:06.
     1>Project "C:\Users\Sjoerd\Documents\School\Jaar4\Project\Development\42IN13SAi\42IN13SAi.vcxproj" on node 2 (Build target(s)).
     1>ClCompile:
         C:\Program Files (x86)\Microsoft Visual Studio 12.0\VC\bin\CL.exe /c /ZI /nologo /W3 /WX- /sdl /Od /Oy- /D _MBCS /Gm /EHsc /RTC1 /MDd /GS /fp:precise /Zc:wchar_t /Zc:forScope /Fo"Debug\\" /Fd"Debug\vc120.pdb" /Gd /TP /analyze- /errorReport:prompt Compiler.cpp CompilerNode.cpp Grammar.cpp LabelStack.cpp main.cpp NativeCodeGenerator.cpp ParseException.cpp PartnerNotFoundException.cpp RegexMatcher.cpp Token.cpp TokenDefinition.cpp Tokenizer.cpp TokenPartner.cpp
         TokenPartner.cpp
         Tokenizer.cpp
         TokenDefinition.cpp
         Token.cpp
         RegexMatcher.cpp
         PartnerNotFoundException.cpp
         ParseException.cpp
         NativeCodeGenerator.cpp
         main.cpp
         LabelStack.cpp
         Grammar.cpp
         CompilerNode.cpp
         Compiler.cpp
         Generating Code...
       Link:
         C:\Program Files (x86)\Microsoft Visual Studio 12.0\VC\bin\link.exe /ERRORREPORT:PROMPT /OUT:"C:\Users\Sjoerd\Documents\School\Jaar4\Project\Development\Debug\42IN13SAi.exe" /INCREMENTAL /NOLOGO kernel32.lib user32.lib gdi32.lib winspool.lib comdlg32.lib advapi32.lib shell32.lib ole32.lib oleaut32.lib uuid.lib odbc32.lib odbccp32.lib /MANIFEST /MANIFESTUAC:"level='asInvoker' uiAccess='false'" /manifest:embed /DEBUG /PDB:"C:\Users\Sjoerd\Documents\School\Jaar4\Project\Development\Debug\42IN13SAi.pdb" /TLBID:1 /DYNAMICBASE /NXCOMPAT /IMPLIB:"C:\Users\Sjoerd\Documents\School\Jaar4\Project\Development\Debug\42IN13SAi.lib" /MACHINE:X86 Debug\Compiler.obj
         Debug\CompilerNode.obj
         Debug\Grammar.obj
         Debug\LabelStack.obj
         Debug\main.obj
         Debug\NativeCodeGenerator.obj
         Debug\ParseException.obj
         Debug\PartnerNotFoundException.obj
         Debug\RegexMatcher.obj
         Debug\Token.obj
         Debug\TokenDefinition.obj
         Debug\Tokenizer.obj
         Debug\TokenPartner.obj
         42IN13SAi.vcxproj -> C:\Users\Sjoerd\Documents\School\Jaar4\Project\Development\Debug\42IN13SAi.exe
     1>Done Building Project "C:\Users\Sjoerd\Documents\School\Jaar4\Project\Development\42IN13SAi\42IN13SAi.vcxproj" (Build target(s)).

Build succeeded.

Time Elapsed 00:00:09.35
